{"uuid":"75ba4183-051a-47b4-a3c4-9358abafde63","historyId":"a1418c7feb199f11cef34b549c55850d","fullName":"RecipeTest.AnalyzeRecipe","labels":[{"name":"package","value":"RecipeTest"},{"name":"testClass","value":"RecipeTest"},{"name":"testMethod","value":"AnalyzeRecipe"},{"name":"parentSuite","value":"Default Suite"},{"name":"suite","value":"RestAssuredAdvanced-master"},{"name":"subSuite","value":"RecipeTest"},{"name":"host","value":"PW07E88H"},{"name":"thread","value":"8848@PW07E88H.main(1)"},{"name":"feature","value":"Test Recipes"}],"links":[],"name":"Analyze Recipe","status":"broken","statusDetails":{"known":false,"muted":false,"flaky":false,"message":"could not access constructor: private java.lang.AssertionError(java.lang.String) with arguments: [1 expectation failed.\nJSON path status doesn't match.\nExpected: success\n  Actual: null\n] reason: java.lang.IllegalAccessException: class org.codehaus.groovy.reflection.CachedConstructor cannot access a member of class java.lang.AssertionError (in module java.base) with modifiers \"private\"","trace":"groovy.lang.GroovyRuntimeException: could not access constructor: private java.lang.AssertionError(java.lang.String) with arguments: [1 expectation failed.\nJSON path status doesn't match.\nExpected: success\n  Actual: null\n] reason: java.lang.IllegalAccessException: class org.codehaus.groovy.reflection.CachedConstructor cannot access a member of class java.lang.AssertionError (in module java.base) with modifiers \"private\"\r\n\tat org.codehaus.groovy.reflection.CachedConstructor.createException(CachedConstructor.java:103)\r\n\tat org.codehaus.groovy.reflection.CachedConstructor.invoke(CachedConstructor.java:89)\r\n\tat org.codehaus.groovy.reflection.CachedConstructor.doConstructorInvoke(CachedConstructor.java:77)\r\n\tat org.codehaus.groovy.runtime.callsite.ConstructorSite$ConstructorSiteNoUnwrap.callConstructor(ConstructorSite.java:84)\r\n\tat org.codehaus.groovy.runtime.callsite.CallSiteArray.defaultCallConstructor(CallSiteArray.java:59)\r\n\tat org.codehaus.groovy.runtime.callsite.AbstractCallSite.callConstructor(AbstractCallSite.java:238)\r\n\tat org.codehaus.groovy.runtime.callsite.AbstractCallSite.callConstructor(AbstractCallSite.java:250)\r\n\tat io.restassured.internal.ResponseSpecificationImpl$HamcrestAssertionClosure.validate(ResponseSpecificationImpl.groovy:494)\r\n\tat io.restassured.internal.ResponseSpecificationImpl$HamcrestAssertionClosure$validate$1.call(Unknown Source)\r\n\tat io.restassured.internal.ResponseSpecificationImpl.validateResponseIfRequired(ResponseSpecificationImpl.groovy:656)\r\n\tat java.base/jdk.internal.reflect.DirectMethodHandleAccessor.invoke(DirectMethodHandleAccessor.java:104)\r\n\tat java.base/java.lang.reflect.Method.invoke(Method.java:578)\r\n\tat org.codehaus.groovy.runtime.callsite.PogoMetaMethodSite$PogoCachedMethodSiteNoUnwrapNoCoerce.invoke(PogoMetaMethodSite.java:210)\r\n\tat org.codehaus.groovy.runtime.callsite.PogoMetaMethodSite.callCurrent(PogoMetaMethodSite.java:59)\r\n\tat org.codehaus.groovy.runtime.callsite.CallSiteArray.defaultCallCurrent(CallSiteArray.java:51)\r\n\tat org.codehaus.groovy.runtime.callsite.AbstractCallSite.callCurrent(AbstractCallSite.java:157)\r\n\tat org.codehaus.groovy.runtime.callsite.AbstractCallSite.callCurrent(AbstractCallSite.java:169)\r\n\tat io.restassured.internal.ResponseSpecificationImpl.content(ResponseSpecificationImpl.groovy:277)\r\n\tat io.restassured.specification.ResponseSpecification$content$1.callCurrent(Unknown Source)\r\n\tat org.codehaus.groovy.runtime.callsite.CallSiteArray.defaultCallCurrent(CallSiteArray.java:51)\r\n\tat org.codehaus.groovy.runtime.callsite.AbstractCallSite.callCurrent(AbstractCallSite.java:157)\r\n\tat org.codehaus.groovy.runtime.callsite.AbstractCallSite.callCurrent(AbstractCallSite.java:193)\r\n\tat io.restassured.internal.ResponseSpecificationImpl.body(ResponseSpecificationImpl.groovy:260)\r\n\tat io.restassured.internal.ValidatableResponseOptionsImpl.body(ValidatableResponseOptionsImpl.java:274)\r\n\tat RecipeTest.AnalyzeRecipe(RecipeTest.java:71)\r\n\tat java.base/jdk.internal.reflect.DirectMethodHandleAccessor.invoke(DirectMethodHandleAccessor.java:104)\r\n\tat java.base/java.lang.reflect.Method.invoke(Method.java:578)\r\n\tat org.testng.internal.MethodInvocationHelper.invokeMethod(MethodInvocationHelper.java:124)\r\n\tat org.testng.internal.Invoker.invokeMethod(Invoker.java:571)\r\n\tat org.testng.internal.Invoker.invokeTestMethod(Invoker.java:707)\r\n\tat org.testng.internal.Invoker.invokeTestMethods(Invoker.java:979)\r\n\tat org.testng.internal.TestMethodWorker.invokeTestMethods(TestMethodWorker.java:125)\r\n\tat org.testng.internal.TestMethodWorker.run(TestMethodWorker.java:109)\r\n\tat org.testng.TestRunner.privateRun(TestRunner.java:648)\r\n\tat org.testng.TestRunner.run(TestRunner.java:505)\r\n\tat org.testng.SuiteRunner.runTest(SuiteRunner.java:455)\r\n\tat org.testng.SuiteRunner.runSequentially(SuiteRunner.java:450)\r\n\tat org.testng.SuiteRunner.privateRun(SuiteRunner.java:415)\r\n\tat org.testng.SuiteRunner.run(SuiteRunner.java:364)\r\n\tat org.testng.SuiteRunnerWorker.runSuite(SuiteRunnerWorker.java:52)\r\n\tat org.testng.SuiteRunnerWorker.run(SuiteRunnerWorker.java:84)\r\n\tat org.testng.TestNG.runSuitesSequentially(TestNG.java:1187)\r\n\tat org.testng.TestNG.runSuitesLocally(TestNG.java:1116)\r\n\tat org.testng.TestNG.runSuites(TestNG.java:1028)\r\n\tat org.testng.TestNG.run(TestNG.java:996)\r\n\tat com.intellij.rt.testng.IDEARemoteTestNG.run(IDEARemoteTestNG.java:65)\r\n\tat com.intellij.rt.testng.RemoteTestNGStarter.main(RemoteTestNGStarter.java:105)\r\n"},"stage":"finished","start":1712043754913,"stop":1712043757438,"attachments":[{"name":"Request","source":"952a6724-efcf-4589-8ddc-cfc98a3f0252-attachment.html","type":"text/html"},{"name":"HTTP/1.1 200 OK","source":"79e6eec3-3a93-417e-bc6b-43f4d0aabe58-attachment.html","type":"text/html"}],"parameters":[]}