{"uuid":"a86925a9-6520-471e-a3a1-ac58cb10dff8","historyId":"48d537114369b18da7f7afe2b5570a3f","fullName":"MealPlanTest.AddItemtoMealPlanTest","labels":[{"name":"package","value":"MealPlanTest"},{"name":"testClass","value":"MealPlanTest"},{"name":"testMethod","value":"AddItemtoMealPlanTest"},{"name":"parentSuite","value":"Surefire suite"},{"name":"suite","value":"Surefire test"},{"name":"subSuite","value":"MealPlanTest"},{"name":"host","value":"PW07E88H"},{"name":"thread","value":"348@PW07E88H.TestNG-test=Surefire test-1(34)"},{"name":"feature","value":"Test Meal Plan"}],"links":[],"name":"Add Item to meal plan","status":"broken","statusDetails":{"known":false,"muted":false,"flaky":false,"message":"could not access constructor: private java.lang.AssertionError(java.lang.String) with arguments: [1 expectation failed.\nExpected status code <200> but was <404>.\n] reason: java.lang.IllegalAccessException: class org.codehaus.groovy.reflection.CachedConstructor cannot access a member of class java.lang.AssertionError (in module java.base) with modifiers \"private\"","trace":"groovy.lang.GroovyRuntimeException: could not access constructor: private java.lang.AssertionError(java.lang.String) with arguments: [1 expectation failed.\nExpected status code <200> but was <404>.\n] reason: java.lang.IllegalAccessException: class org.codehaus.groovy.reflection.CachedConstructor cannot access a member of class java.lang.AssertionError (in module java.base) with modifiers \"private\"\r\n\tat org.codehaus.groovy.reflection.CachedConstructor.createException(CachedConstructor.java:103)\r\n\tat org.codehaus.groovy.reflection.CachedConstructor.invoke(CachedConstructor.java:89)\r\n\tat org.codehaus.groovy.reflection.CachedConstructor.doConstructorInvoke(CachedConstructor.java:77)\r\n\tat org.codehaus.groovy.runtime.callsite.ConstructorSite$ConstructorSiteNoUnwrap.callConstructor(ConstructorSite.java:84)\r\n\tat org.codehaus.groovy.runtime.callsite.CallSiteArray.defaultCallConstructor(CallSiteArray.java:59)\r\n\tat org.codehaus.groovy.runtime.callsite.AbstractCallSite.callConstructor(AbstractCallSite.java:238)\r\n\tat org.codehaus.groovy.runtime.callsite.AbstractCallSite.callConstructor(AbstractCallSite.java:250)\r\n\tat io.restassured.internal.ResponseSpecificationImpl$HamcrestAssertionClosure.validate(ResponseSpecificationImpl.groovy:494)\r\n\tat io.restassured.internal.ResponseSpecificationImpl$HamcrestAssertionClosure$validate$1.call(Unknown Source)\r\n\tat org.codehaus.groovy.runtime.callsite.CallSiteArray.defaultCall(CallSiteArray.java:47)\r\n\tat org.codehaus.groovy.runtime.callsite.AbstractCallSite.call(AbstractCallSite.java:116)\r\n\tat org.codehaus.groovy.runtime.callsite.AbstractCallSite.call(AbstractCallSite.java:128)\r\n\tat io.restassured.internal.ResponseSpecificationImpl.validateResponseIfRequired(ResponseSpecificationImpl.groovy:656)\r\n\tat java.base/jdk.internal.reflect.DirectMethodHandleAccessor.invoke(DirectMethodHandleAccessor.java:104)\r\n\tat java.base/java.lang.reflect.Method.invoke(Method.java:578)\r\n\tat org.codehaus.groovy.runtime.callsite.PogoMetaMethodSite$PogoCachedMethodSiteNoUnwrapNoCoerce.invoke(PogoMetaMethodSite.java:210)\r\n\tat org.codehaus.groovy.runtime.callsite.PogoMetaMethodSite.callCurrent(PogoMetaMethodSite.java:59)\r\n\tat org.codehaus.groovy.runtime.callsite.CallSiteArray.defaultCallCurrent(CallSiteArray.java:51)\r\n\tat org.codehaus.groovy.runtime.callsite.AbstractCallSite.callCurrent(AbstractCallSite.java:157)\r\n\tat org.codehaus.groovy.runtime.callsite.AbstractCallSite.callCurrent(AbstractCallSite.java:169)\r\n\tat io.restassured.internal.ResponseSpecificationImpl.statusCode(ResponseSpecificationImpl.groovy:125)\r\n\tat io.restassured.specification.ResponseSpecification$statusCode$0.callCurrent(Unknown Source)\r\n\tat org.codehaus.groovy.runtime.callsite.CallSiteArray.defaultCallCurrent(CallSiteArray.java:51)\r\n\tat org.codehaus.groovy.runtime.callsite.AbstractCallSite.callCurrent(AbstractCallSite.java:157)\r\n\tat org.codehaus.groovy.runtime.callsite.AbstractCallSite.callCurrent(AbstractCallSite.java:169)\r\n\tat io.restassured.internal.ResponseSpecificationImpl.statusCode(ResponseSpecificationImpl.groovy:133)\r\n\tat io.restassured.internal.ValidatableResponseOptionsImpl.statusCode(ValidatableResponseOptionsImpl.java:119)\r\n\tat MealPlanTest.AddItemtoMealPlanTest(MealPlanTest.java:75)\r\n\tat java.base/jdk.internal.reflect.DirectMethodHandleAccessor.invoke(DirectMethodHandleAccessor.java:104)\r\n\tat java.base/java.lang.reflect.Method.invoke(Method.java:578)\r\n\tat org.testng.internal.MethodInvocationHelper.invokeMethod(MethodInvocationHelper.java:124)\r\n\tat org.testng.internal.Invoker.invokeMethod(Invoker.java:571)\r\n\tat org.testng.internal.Invoker.invokeTestMethod(Invoker.java:707)\r\n\tat org.testng.internal.Invoker.invokeTestMethods(Invoker.java:979)\r\n\tat org.testng.internal.TestMethodWorker.invokeTestMethods(TestMethodWorker.java:125)\r\n\tat org.testng.internal.TestMethodWorker.run(TestMethodWorker.java:109)\r\n\tat java.base/java.util.concurrent.ThreadPoolExecutor.runWorker(ThreadPoolExecutor.java:1144)\r\n\tat java.base/java.util.concurrent.ThreadPoolExecutor$Worker.run(ThreadPoolExecutor.java:642)\r\n\tat java.base/java.lang.Thread.run(Thread.java:1589)\r\n"},"stage":"finished","start":1712028742590,"stop":1712028745898,"attachments":[{"name":"Request","source":"7551cb52-4857-448b-b0e8-08293facb9ec-attachment.html","type":"text/html"},{"name":"Request","source":"123e3220-6e22-4326-aaa6-ca922945e0dd-attachment.html","type":"text/html"},{"name":"HTTP/1.1 404 Not Found","source":"164228be-6640-4f3f-9b32-f85b652e4045-attachment.html","type":"text/html"},{"name":"HTTP/1.1 404 Not Found","source":"6544ef8b-771c-44f6-8afa-2fd5e7fd9489-attachment.html","type":"text/html"}],"parameters":[]}