<?xml version="1.0" encoding="UTF-8"?>
<testng-results ignored="2" total="6" passed="0" failed="4" skipped="0">
  <reporter-output>
  </reporter-output>
  <suite started-at="2024-04-02T03:44:36Z" name="Surefire suite" finished-at="2024-04-02T03:44:42Z" duration-ms="5259">
    <groups>
    </groups>
    <test started-at="2024-04-02T03:44:36Z" name="Surefire test" finished-at="2024-04-02T03:44:42Z" duration-ms="5259">
      <class name="MealPlanTest">
        <test-method signature="AddItemtoMealPlanTest()[pri:0, instance:MealPlanTest@3315d2d7]" started-at="2024-04-02T10:44:36Z" name="AddItemtoMealPlanTest" description="Add Item to meal plan" finished-at="2024-04-02T10:44:39Z" duration-ms="2858" status="FAIL">
          <exception class="groovy.lang.GroovyRuntimeException">
            <message>
              <![CDATA[could not access constructor: private java.lang.AssertionError(java.lang.String) with arguments: [1 expectation failed.Expected status code <200> but was <404>.] reason: java.lang.IllegalAccessException: class org.codehaus.groovy.reflection.CachedConstructor cannot access a member of class java.lang.AssertionError (in module java.base) with modifiers "private"]]>
            </message>
            <full-stacktrace>
              <![CDATA[groovy.lang.GroovyRuntimeException: could not access constructor: private java.lang.AssertionError(java.lang.String) with arguments: [1 expectation failed.Expected status code <200> but was <404>.] reason: java.lang.IllegalAccessException: class org.codehaus.groovy.reflection.CachedConstructor cannot access a member of class java.lang.AssertionError (in module java.base) with modifiers "private"at org.codehaus.groovy.reflection.CachedConstructor.createException(CachedConstructor.java:103)at org.codehaus.groovy.reflection.CachedConstructor.invoke(CachedConstructor.java:89)at org.codehaus.groovy.reflection.CachedConstructor.doConstructorInvoke(CachedConstructor.java:77)at org.codehaus.groovy.runtime.callsite.ConstructorSite$ConstructorSiteNoUnwrap.callConstructor(ConstructorSite.java:84)at org.codehaus.groovy.runtime.callsite.CallSiteArray.defaultCallConstructor(CallSiteArray.java:59)at org.codehaus.groovy.runtime.callsite.AbstractCallSite.callConstructor(AbstractCallSite.java:238)at org.codehaus.groovy.runtime.callsite.AbstractCallSite.callConstructor(AbstractCallSite.java:250)at io.restassured.internal.ResponseSpecificationImpl$HamcrestAssertionClosure.validate(ResponseSpecificationImpl.groovy:494)at io.restassured.internal.ResponseSpecificationImpl$HamcrestAssertionClosure$validate$1.call(Unknown Source)at org.codehaus.groovy.runtime.callsite.CallSiteArray.defaultCall(CallSiteArray.java:47)at org.codehaus.groovy.runtime.callsite.AbstractCallSite.call(AbstractCallSite.java:116)at org.codehaus.groovy.runtime.callsite.AbstractCallSite.call(AbstractCallSite.java:128)at io.restassured.internal.ResponseSpecificationImpl.validateResponseIfRequired(ResponseSpecificationImpl.groovy:656)at java.base/jdk.internal.reflect.DirectMethodHandleAccessor.invoke(DirectMethodHandleAccessor.java:104)at java.base/java.lang.reflect.Method.invoke(Method.java:578)at org.codehaus.groovy.runtime.callsite.PogoMetaMethodSite$PogoCachedMethodSiteNoUnwrapNoCoerce.invoke(PogoMetaMethodSite.java:210)at org.codehaus.groovy.runtime.callsite.PogoMetaMethodSite.callCurrent(PogoMetaMethodSite.java:59)at org.codehaus.groovy.runtime.callsite.CallSiteArray.defaultCallCurrent(CallSiteArray.java:51)at org.codehaus.groovy.runtime.callsite.AbstractCallSite.callCurrent(AbstractCallSite.java:157)at org.codehaus.groovy.runtime.callsite.AbstractCallSite.callCurrent(AbstractCallSite.java:169)at io.restassured.internal.ResponseSpecificationImpl.statusCode(ResponseSpecificationImpl.groovy:125)at io.restassured.specification.ResponseSpecification$statusCode$0.callCurrent(Unknown Source)at org.codehaus.groovy.runtime.callsite.CallSiteArray.defaultCallCurrent(CallSiteArray.java:51)at org.codehaus.groovy.runtime.callsite.AbstractCallSite.callCurrent(AbstractCallSite.java:157)at org.codehaus.groovy.runtime.callsite.AbstractCallSite.callCurrent(AbstractCallSite.java:169)at io.restassured.internal.ResponseSpecificationImpl.statusCode(ResponseSpecificationImpl.groovy:133)at io.restassured.internal.ValidatableResponseOptionsImpl.statusCode(ValidatableResponseOptionsImpl.java:119)at MealPlanTest.AddItemtoMealPlanTest(MealPlanTest.java:75)at java.base/jdk.internal.reflect.DirectMethodHandleAccessor.invoke(DirectMethodHandleAccessor.java:104)at java.base/java.lang.reflect.Method.invoke(Method.java:578)at org.testng.internal.MethodInvocationHelper.invokeMethod(MethodInvocationHelper.java:124)at org.testng.internal.Invoker.invokeMethod(Invoker.java:571)at org.testng.internal.Invoker.invokeTestMethod(Invoker.java:707)at org.testng.internal.Invoker.invokeTestMethods(Invoker.java:979)at org.testng.internal.TestMethodWorker.invokeTestMethods(TestMethodWorker.java:125)at org.testng.internal.TestMethodWorker.run(TestMethodWorker.java:109)at java.base/java.util.concurrent.ThreadPoolExecutor.runWorker(ThreadPoolExecutor.java:1144)at java.base/java.util.concurrent.ThreadPoolExecutor$Worker.run(ThreadPoolExecutor.java:642)at java.base/java.lang.Thread.run(Thread.java:1589)]]>
            </full-stacktrace>
          </exception> <!-- groovy.lang.GroovyRuntimeException -->
          <reporter-output>
          </reporter-output>
        </test-method> <!-- AddItemtoMealPlanTest -->
        <test-method signature="MealPlanGenerateTest()[pri:0, instance:MealPlanTest@3315d2d7]" started-at="2024-04-02T10:44:39Z" name="MealPlanGenerateTest" description="Generate MealPlan" finished-at="2024-04-02T10:44:40Z" duration-ms="710" status="FAIL">
          <exception class="groovy.lang.GroovyRuntimeException">
            <message>
              <![CDATA[could not access constructor: private java.lang.AssertionError(java.lang.String) with arguments: [1 expectation failed.Expected status code <200> but was <404>.] reason: java.lang.IllegalAccessException: class org.codehaus.groovy.reflection.CachedConstructor cannot access a member of class java.lang.AssertionError (in module java.base) with modifiers "private"]]>
            </message>
            <full-stacktrace>
              <![CDATA[groovy.lang.GroovyRuntimeException: could not access constructor: private java.lang.AssertionError(java.lang.String) with arguments: [1 expectation failed.Expected status code <200> but was <404>.] reason: java.lang.IllegalAccessException: class org.codehaus.groovy.reflection.CachedConstructor cannot access a member of class java.lang.AssertionError (in module java.base) with modifiers "private"at org.codehaus.groovy.reflection.CachedConstructor.createException(CachedConstructor.java:103)at org.codehaus.groovy.reflection.CachedConstructor.invoke(CachedConstructor.java:89)at org.codehaus.groovy.reflection.CachedConstructor.doConstructorInvoke(CachedConstructor.java:77)at org.codehaus.groovy.runtime.callsite.ConstructorSite$ConstructorSiteNoUnwrap.callConstructor(ConstructorSite.java:84)at org.codehaus.groovy.runtime.callsite.AbstractCallSite.callConstructor(AbstractCallSite.java:250)at io.restassured.internal.ResponseSpecificationImpl$HamcrestAssertionClosure.validate(ResponseSpecificationImpl.groovy:494)at io.restassured.internal.ResponseSpecificationImpl$HamcrestAssertionClosure$validate$1.call(Unknown Source)at io.restassured.internal.ResponseSpecificationImpl.validateResponseIfRequired(ResponseSpecificationImpl.groovy:656)at java.base/jdk.internal.reflect.DirectMethodHandleAccessor.invoke(DirectMethodHandleAccessor.java:104)at java.base/java.lang.reflect.Method.invoke(Method.java:578)at org.codehaus.groovy.runtime.callsite.PogoMetaMethodSite$PogoCachedMethodSiteNoUnwrapNoCoerce.invoke(PogoMetaMethodSite.java:210)at org.codehaus.groovy.runtime.callsite.PogoMetaMethodSite.callCurrent(PogoMetaMethodSite.java:59)at org.codehaus.groovy.runtime.callsite.AbstractCallSite.callCurrent(AbstractCallSite.java:169)at io.restassured.internal.ResponseSpecificationImpl.statusCode(ResponseSpecificationImpl.groovy:125)at io.restassured.specification.ResponseSpecification$statusCode$0.callCurrent(Unknown Source)at io.restassured.internal.ResponseSpecificationImpl.statusCode(ResponseSpecificationImpl.groovy:133)at io.restassured.internal.ValidatableResponseOptionsImpl.statusCode(ValidatableResponseOptionsImpl.java:119)at MealPlanTest.MealPlanGenerateTest(MealPlanTest.java:23)at java.base/jdk.internal.reflect.DirectMethodHandleAccessor.invoke(DirectMethodHandleAccessor.java:104)at java.base/java.lang.reflect.Method.invoke(Method.java:578)at org.testng.internal.MethodInvocationHelper.invokeMethod(MethodInvocationHelper.java:124)at org.testng.internal.Invoker.invokeMethod(Invoker.java:571)at org.testng.internal.Invoker.invokeTestMethod(Invoker.java:707)at org.testng.internal.Invoker.invokeTestMethods(Invoker.java:979)at org.testng.internal.TestMethodWorker.invokeTestMethods(TestMethodWorker.java:125)at org.testng.internal.TestMethodWorker.run(TestMethodWorker.java:109)at java.base/java.util.concurrent.ThreadPoolExecutor.runWorker(ThreadPoolExecutor.java:1144)at java.base/java.util.concurrent.ThreadPoolExecutor$Worker.run(ThreadPoolExecutor.java:642)at java.base/java.lang.Thread.run(Thread.java:1589)]]>
            </full-stacktrace>
          </exception> <!-- groovy.lang.GroovyRuntimeException -->
          <reporter-output>
          </reporter-output>
        </test-method> <!-- MealPlanGenerateTest -->
      </class> <!-- MealPlanTest -->
      <class name="BaseTest">
        <test-method is-config="true" signature="SetUpSuite()[pri:0, instance:BaseTest@355ce81c]" started-at="2024-04-02T10:44:36Z" name="SetUpSuite" description="Configure URI" finished-at="2024-04-02T10:44:36Z" duration-ms="437" status="PASS">
          <reporter-output>
          </reporter-output>
        </test-method> <!-- SetUpSuite -->
        <test-method is-config="true" signature="SetUpSuite()[pri:0, instance:RecipeTest@29647f75]" started-at="2024-04-02T10:44:36Z" name="SetUpSuite" description="Configure URI" finished-at="2024-04-02T10:44:36Z" duration-ms="1" status="PASS">
          <reporter-output>
          </reporter-output>
        </test-method> <!-- SetUpSuite -->
        <test-method is-config="true" signature="TearDownSuite()[pri:0, instance:BaseTest@355ce81c]" started-at="2024-04-02T10:44:42Z" name="TearDownSuite" finished-at="2024-04-02T10:44:42Z" duration-ms="3" status="PASS">
          <reporter-output>
          </reporter-output>
        </test-method> <!-- TearDownSuite -->
        <test-method is-config="true" signature="TearDownSuite()[pri:0, instance:RecipeTest@29647f75]" started-at="2024-04-02T10:44:42Z" name="TearDownSuite" finished-at="2024-04-02T10:44:42Z" duration-ms="1" status="PASS">
          <reporter-output>
          </reporter-output>
        </test-method> <!-- TearDownSuite -->
      </class> <!-- BaseTest -->
      <class name="RecipeTest">
        <test-method signature="MealPlanGenerateTest()[pri:0, instance:RecipeTest@29647f75]" started-at="2024-04-02T10:44:40Z" name="MealPlanGenerateTest" description="Generate MealPlan" finished-at="2024-04-02T10:44:41Z" duration-ms="914" status="FAIL">
          <exception class="groovy.lang.GroovyRuntimeException">
            <message>
              <![CDATA[could not access constructor: private java.lang.AssertionError(java.lang.String) with arguments: [1 expectation failed.Expected status code <200> but was <404>.] reason: java.lang.IllegalAccessException: class org.codehaus.groovy.reflection.CachedConstructor cannot access a member of class java.lang.AssertionError (in module java.base) with modifiers "private"]]>
            </message>
            <full-stacktrace>
              <![CDATA[groovy.lang.GroovyRuntimeException: could not access constructor: private java.lang.AssertionError(java.lang.String) with arguments: [1 expectation failed.Expected status code <200> but was <404>.] reason: java.lang.IllegalAccessException: class org.codehaus.groovy.reflection.CachedConstructor cannot access a member of class java.lang.AssertionError (in module java.base) with modifiers "private"at org.codehaus.groovy.reflection.CachedConstructor.createException(CachedConstructor.java:103)at org.codehaus.groovy.reflection.CachedConstructor.invoke(CachedConstructor.java:89)at org.codehaus.groovy.reflection.CachedConstructor.doConstructorInvoke(CachedConstructor.java:77)at org.codehaus.groovy.runtime.callsite.ConstructorSite$ConstructorSiteNoUnwrap.callConstructor(ConstructorSite.java:84)at org.codehaus.groovy.runtime.callsite.AbstractCallSite.callConstructor(AbstractCallSite.java:250)at io.restassured.internal.ResponseSpecificationImpl$HamcrestAssertionClosure.validate(ResponseSpecificationImpl.groovy:494)at io.restassured.internal.ResponseSpecificationImpl$HamcrestAssertionClosure$validate$1.call(Unknown Source)at io.restassured.internal.ResponseSpecificationImpl.validateResponseIfRequired(ResponseSpecificationImpl.groovy:656)at java.base/jdk.internal.reflect.DirectMethodHandleAccessor.invoke(DirectMethodHandleAccessor.java:104)at java.base/java.lang.reflect.Method.invoke(Method.java:578)at org.codehaus.groovy.runtime.callsite.PogoMetaMethodSite$PogoCachedMethodSiteNoUnwrapNoCoerce.invoke(PogoMetaMethodSite.java:210)at org.codehaus.groovy.runtime.callsite.PogoMetaMethodSite.callCurrent(PogoMetaMethodSite.java:59)at org.codehaus.groovy.runtime.callsite.AbstractCallSite.callCurrent(AbstractCallSite.java:169)at io.restassured.internal.ResponseSpecificationImpl.statusCode(ResponseSpecificationImpl.groovy:125)at io.restassured.specification.ResponseSpecification$statusCode$0.callCurrent(Unknown Source)at io.restassured.internal.ResponseSpecificationImpl.statusCode(ResponseSpecificationImpl.groovy:133)at io.restassured.internal.ValidatableResponseOptionsImpl.statusCode(ValidatableResponseOptionsImpl.java:119)at RecipeTest.MealPlanGenerateTest(RecipeTest.java:37)at java.base/jdk.internal.reflect.DirectMethodHandleAccessor.invoke(DirectMethodHandleAccessor.java:104)at java.base/java.lang.reflect.Method.invoke(Method.java:578)at org.testng.internal.MethodInvocationHelper.invokeMethod(MethodInvocationHelper.java:124)at org.testng.internal.Invoker.invokeMethod(Invoker.java:571)at org.testng.internal.Invoker.invokeTestMethod(Invoker.java:707)at org.testng.internal.Invoker.invokeTestMethods(Invoker.java:979)at org.testng.internal.TestMethodWorker.invokeTestMethods(TestMethodWorker.java:125)at org.testng.internal.TestMethodWorker.run(TestMethodWorker.java:109)at java.base/java.util.concurrent.ThreadPoolExecutor.runWorker(ThreadPoolExecutor.java:1144)at java.base/java.util.concurrent.ThreadPoolExecutor$Worker.run(ThreadPoolExecutor.java:642)at java.base/java.lang.Thread.run(Thread.java:1589)]]>
            </full-stacktrace>
          </exception> <!-- groovy.lang.GroovyRuntimeException -->
          <reporter-output>
          </reporter-output>
        </test-method> <!-- MealPlanGenerateTest -->
        <test-method signature="SearchRecipes()[pri:0, instance:RecipeTest@29647f75]" started-at="2024-04-02T10:44:41Z" name="SearchRecipes" description="Search Recipes" finished-at="2024-04-02T10:44:42Z" duration-ms="648" status="FAIL">
          <exception class="groovy.lang.GroovyRuntimeException">
            <message>
              <![CDATA[could not access constructor: private java.lang.AssertionError(java.lang.String) with arguments: [1 expectation failed.Expected status code <200> but was <404>.] reason: java.lang.IllegalAccessException: class org.codehaus.groovy.reflection.CachedConstructor cannot access a member of class java.lang.AssertionError (in module java.base) with modifiers "private"]]>
            </message>
            <full-stacktrace>
              <![CDATA[groovy.lang.GroovyRuntimeException: could not access constructor: private java.lang.AssertionError(java.lang.String) with arguments: [1 expectation failed.Expected status code <200> but was <404>.] reason: java.lang.IllegalAccessException: class org.codehaus.groovy.reflection.CachedConstructor cannot access a member of class java.lang.AssertionError (in module java.base) with modifiers "private"at org.codehaus.groovy.reflection.CachedConstructor.createException(CachedConstructor.java:103)at org.codehaus.groovy.reflection.CachedConstructor.invoke(CachedConstructor.java:89)at org.codehaus.groovy.reflection.CachedConstructor.doConstructorInvoke(CachedConstructor.java:77)at org.codehaus.groovy.runtime.callsite.ConstructorSite$ConstructorSiteNoUnwrap.callConstructor(ConstructorSite.java:84)at org.codehaus.groovy.runtime.callsite.AbstractCallSite.callConstructor(AbstractCallSite.java:250)at io.restassured.internal.ResponseSpecificationImpl$HamcrestAssertionClosure.validate(ResponseSpecificationImpl.groovy:494)at io.restassured.internal.ResponseSpecificationImpl$HamcrestAssertionClosure$validate$1.call(Unknown Source)at io.restassured.internal.ResponseSpecificationImpl.validateResponseIfRequired(ResponseSpecificationImpl.groovy:656)at java.base/jdk.internal.reflect.DirectMethodHandleAccessor.invoke(DirectMethodHandleAccessor.java:104)at java.base/java.lang.reflect.Method.invoke(Method.java:578)at org.codehaus.groovy.runtime.callsite.PogoMetaMethodSite$PogoCachedMethodSiteNoUnwrapNoCoerce.invoke(PogoMetaMethodSite.java:210)at org.codehaus.groovy.runtime.callsite.PogoMetaMethodSite.callCurrent(PogoMetaMethodSite.java:59)at org.codehaus.groovy.runtime.callsite.AbstractCallSite.callCurrent(AbstractCallSite.java:169)at io.restassured.internal.ResponseSpecificationImpl.statusCode(ResponseSpecificationImpl.groovy:125)at io.restassured.specification.ResponseSpecification$statusCode$0.callCurrent(Unknown Source)at io.restassured.internal.ResponseSpecificationImpl.statusCode(ResponseSpecificationImpl.groovy:133)at io.restassured.internal.ValidatableResponseOptionsImpl.statusCode(ValidatableResponseOptionsImpl.java:119)at RecipeTest.SearchRecipes(RecipeTest.java:23)at java.base/jdk.internal.reflect.DirectMethodHandleAccessor.invoke(DirectMethodHandleAccessor.java:104)at java.base/java.lang.reflect.Method.invoke(Method.java:578)at org.testng.internal.MethodInvocationHelper.invokeMethod(MethodInvocationHelper.java:124)at org.testng.internal.Invoker.invokeMethod(Invoker.java:571)at org.testng.internal.Invoker.invokeTestMethod(Invoker.java:707)at org.testng.internal.Invoker.invokeTestMethods(Invoker.java:979)at org.testng.internal.TestMethodWorker.invokeTestMethods(TestMethodWorker.java:125)at org.testng.internal.TestMethodWorker.run(TestMethodWorker.java:109)at java.base/java.util.concurrent.ThreadPoolExecutor.runWorker(ThreadPoolExecutor.java:1144)at java.base/java.util.concurrent.ThreadPoolExecutor$Worker.run(ThreadPoolExecutor.java:642)at java.base/java.lang.Thread.run(Thread.java:1589)]]>
            </full-stacktrace>
          </exception> <!-- groovy.lang.GroovyRuntimeException -->
          <reporter-output>
          </reporter-output>
        </test-method> <!-- SearchRecipes -->
      </class> <!-- RecipeTest -->
    </test> <!-- Surefire test -->
  </suite> <!-- Surefire suite -->
</testng-results>
